Change Component Designator: Old Designator=C1 New Designator=C2
Change Component Designator: Old Designator=C2 New Designator=C3
Change Component Designator: Old Designator=C3 New Designator=C4
Change Component Designator: Old Designator=C4 New Designator=C5
Change Component Designator: Old Designator=C5 New Designator=C8
Change Component Designator: Old Designator=C6 New Designator=C9
Change Component Designator: Old Designator=C7 New Designator=C10
Change Component Designator: Old Designator=C8 New Designator=C11
Change Component Designator: Old Designator=C9 New Designator=C12
Change Component Designator: Old Designator=C10 New Designator=C13
Change Component Designator: Old Designator=C11 New Designator=C14
Change Component Designator: Old Designator=C12 New Designator=C15
Change Component Designator: Old Designator=C13 New Designator=C16
Change Component Designator: Old Designator=C? New Designator=C1
Change Component Designator: Old Designator=C? New Designator=C6
Change Component Designator: Old Designator=C? New Designator=C7
Change Component Designator: Old Designator=R8 New Designator=R9
Change Component Designator: Old Designator=R9 New Designator=R10
Change Component Designator: Old Designator=R10 New Designator=R8
Change Component Designator: Old Designator=U3 New Designator=U5
Change Component Designator: Old Designator=U4 New Designator=U6
Change Component Designator: Old Designator=U5 New Designator=U7
Change Component Designator: Old Designator=U6 New Designator=U8
Change Component Designator: Old Designator=U? New Designator=U3
Change Component Designator: Old Designator=U? New Designator=U4
Change Component Designator: Old Designator=X1 New Designator=X2
Change Component Designator: Old Designator=X? New Designator=X1
