Remove Pin=L2-P From Net=STATUS_LED
Remove Pin=P3-15 From Net=NRST
Remove Pin=P4-3 From Net=BOOT0
Remove Pin=P4-4 From Net=BOOT1
Remove Pin=P8-2 From Net=SD_NSS
Remove Pin=P8-3 From Net=SD_MOSI
Remove Pin=P8-5 From Net=SD_CLK
Remove Pin=P8-7 From Net=SD_MISO
Remove Pin=P10-3 From Net=RC_CE
Remove Pin=P10-4 From Net=RC_NSS
Remove Pin=P10-5 From Net=RC_CLK
Remove Pin=P10-6 From Net=RC_MOSI
Remove Pin=P10-7 From Net=RC_MISO
Remove Pin=P10-8 From Net=RC_INT
Remove Pin=P11-1 From Net=RC_NSS
Remove Pin=P11-2 From Net=RC_MOSI
Remove Pin=P11-3 From Net=RC_MISO
Remove Pin=P11-4 From Net=RC_CLK
Remove Pin=P11-5 From Net=EXT1
Remove Pin=P12-1 From Net=PWM1
Remove Pin=P12-2 From Net=PWM2
Remove Pin=P12-3 From Net=PWM3
Remove Pin=P12-4 From Net=PWM4
Remove Pin=P13-3 From Net=MPU_SDA
Remove Pin=P13-4 From Net=MPU_SCL
Remove Pin=R3-1 From Net=MPU_INT
Remove Pin=R4-1 From Net=HMC_INT
Remove Pin=R6-1 From Net=HMC_SCL
Remove Pin=R12-1 From Net=HMC_SDA
Remove Pin=R13-1 From Net=MPU_SCL
Remove Pin=R14-1 From Net=MPU_SDA
Remove Pin=R20-1 From Net=BARO_SCL
Remove Pin=R21-1 From Net=BARO_SDA
Remove Pin=U2A-7 From Net=NRST
Remove Pin=U2A-10 From Net=PWM1
Remove Pin=U2A-11 From Net=PWM2
Remove Pin=U2A-12 From Net=PWM3
Remove Pin=U2A-13 From Net=PWM4
Remove Pin=U2A-14 From Net=RC_NSS
Remove Pin=U2A-15 From Net=RC_CLK
Remove Pin=U2A-16 From Net=RC_MISO
Remove Pin=U2A-17 From Net=RC_MOSI
Remove Pin=U2A-18 From Net=RC_INT
Remove Pin=U2A-19 From Net=RC_CE
Remove Pin=U2A-20 From Net=BOOT1
Remove Pin=U2A-21 From Net=BARO_SCL
Remove Pin=U2A-22 From Net=BARO_SDA
Remove Pin=U2A-25 From Net=SD_NSS
Remove Pin=U2A-26 From Net=SD_CLK
Remove Pin=U2A-27 From Net=SD_MISO
Remove Pin=U2A-28 From Net=SD_MOSI
Remove Pin=U2A-29 From Net=EXT1
Remove Pin=U2A-30 From Net=CPU_TX
Remove Pin=U2A-31 From Net=CPU_RX
Remove Pin=U2A-33 From Net=HMC_INT
Remove Pin=U2A-34 From Net=JTMS
Remove Pin=U2A-37 From Net=JTCK
Remove Pin=U2A-38 From Net=JTDI
Remove Pin=U2A-39 From Net=JTDO
Remove Pin=U2A-40 From Net=JNRST
Remove Pin=U2A-41 From Net=MPU_INT
Remove Pin=U2A-42 From Net=MPU_SCL
Remove Pin=U2A-43 From Net=MPU_SDA
Remove Pin=U2A-44 From Net=BOOT0
Remove Pin=U2A-45 From Net=STATUS_LED
Remove Pin=U3-2 From Net=CPU_RX
Remove Pin=U3-3 From Net=CPU_TX
Remove Pin=U3-5 From Net=D+
Remove Pin=U3-6 From Net=D-
Remove Pin=U3-7 From Net=OSC_IN
Remove Pin=U3-8 From Net=OSC_OUT
Remove Pin=U4-2 From Net=D-
Remove Pin=U4-3 From Net=D+
Remove Pin=U5-3 From Net=FB
Remove Pin=U6-12 From Net=MPU_INT
Remove Pin=U6-23 From Net=MPU_SDA
Remove Pin=U6-24 From Net=MPU_SCL
Remove Pin=U7-5 From Net=HMC_SDA
Remove Pin=U7-15 From Net=HMC_INT
Remove Pin=U8-7 From Net=BARO_SDA
Remove Pin=U8-8 From Net=BARO_SCL
