Added Component: Designator=C17(Cap-0603)
Added Component: Designator=C18(Cap-0603)
Added Component: Designator=C19(Cap-0603)
Added Component: Designator=C22(Cap-0603)
Added Component: Designator=C23(Cap-0603)
Added Component: Designator=C24(Cap-0603)
Added Pin To Net: NetName=GND Pin=C17-1
Added Pin To Net: NetName=NetC17_2 Pin=C17-2
Added Pin To Net: NetName=NetC18_1 Pin=C18-1
Added Pin To Net: NetName=GND Pin=C18-2
Added Pin To Net: NetName=NetC19_1 Pin=C19-1
Added Pin To Net: NetName=NetC19_2 Pin=C19-2
Added Pin To Net: NetName=3V3 Pin=C22-1
Added Pin To Net: NetName=GND Pin=C22-2
Added Pin To Net: NetName=NetC23_1 Pin=C23-1
Added Pin To Net: NetName=GND Pin=C23-2
Added Pin To Net: NetName=3V3 Pin=C24-1
Added Pin To Net: NetName=GND Pin=C24-2
Added Member To Class: ClassName=Sanity0 Member=Component C17 2.2nF
Added Member To Class: ClassName=Sanity0 Member=Component C18 4.7uF
Added Member To Class: ClassName=Sanity0 Member=Component C19 0.22uF
Added Member To Class: ClassName=Sanity0 Member=Component C22 0.1uF
Added Member To Class: ClassName=Sanity0 Member=Component C23 0.1uF
Added Member To Class: ClassName=Sanity0 Member=Component C24 10nF
