Change Component Designator: OldDesignator=C3 NewDesignator=C4
Change Component Designator: OldDesignator=C4 NewDesignator=C3
Change Component Designator: OldDesignator=C8 NewDesignator=C9
Change Component Designator: OldDesignator=C9 NewDesignator=C8
Change Component Designator: OldDesignator=C15 NewDesignator=C17
Change Component Designator: OldDesignator=C17 NewDesignator=C18
Change Component Designator: OldDesignator=C18 NewDesignator=C19
Change Component Designator: OldDesignator=C19 NewDesignator=C20
Change Component Designator: OldDesignator=C20 NewDesignator=C21
Change Component Designator: OldDesignator=C21 NewDesignator=C22
Change Component Designator: OldDesignator=C22 NewDesignator=C23
Change Component Designator: OldDesignator=C23 NewDesignator=C24
Change Component Designator: OldDesignator=C24 NewDesignator=C26
Change Component Designator: OldDesignator=C26 NewDesignator=C27
Change Component Designator: OldDesignator=C27 NewDesignator=C28
Change Component Designator: OldDesignator=C28 NewDesignator=C15
Change Component Designator: OldDesignator=L2 NewDesignator=L3
Change Component Designator: OldDesignator=L3 NewDesignator=L2
Change Component Designator: OldDesignator=P2 NewDesignator=P3
Change Component Designator: OldDesignator=P3 NewDesignator=P4
Change Component Designator: OldDesignator=P4 NewDesignator=P5
Change Component Designator: OldDesignator=P5 NewDesignator=P6
Change Component Designator: OldDesignator=P6 NewDesignator=P7
Change Component Designator: OldDesignator=P7 NewDesignator=P9
Change Component Designator: OldDesignator=P8 NewDesignator=P10
Change Component Designator: OldDesignator=P9 NewDesignator=P8
Change Component Designator: OldDesignator=R17 NewDesignator=R18
Change Component Designator: OldDesignator=R18 NewDesignator=R19
Change Component Designator: OldDesignator=R19 NewDesignator=R17
Added Component: Designator=D1(SOD123)
Added Component: Designator=P2(ResetKeyC5382)
Added Pin To Net: NetName=5V Pin=D1-N
Added Pin To Net: NetName=NetD1_P Pin=D1-P
Added Pin To Net: NetName=GND Pin=P2-0
Change Net Name : Old Net Name=NetC15_2 New Net Name=NetC17_2
Change Net Name : Old Net Name=NetC17_1 New Net Name=NetC18_1
Change Net Name : Old Net Name=NetC18_1 New Net Name=NetC19_1
Change Net Name : Old Net Name=NetC18_2 New Net Name=NetC19_2
Change Net Name : Old Net Name=NetC19_1 New Net Name=NetC20_1
Change Net Name : Old Net Name=NetC22_1 New Net Name=NetC23_1
Change Net Name : Old Net Name=NetP2_11 New Net Name=NetP3_11
Added Pin To Net: NetName=NetC21_1 Pin=C21-1
Added Pin To Net: NetName=NetC21_1 Pin=P2-1
Added Pin To Net: NetName=NetC21_1 Pin=R5-1
Added Net: Name=NetC21_1
Added Member To Class: ClassName=Sanity0 Member=Component D1 D-Schottky MBR0520
Added Member To Class: ClassName=Sanity0 Member=Component P10 nRF24L01
