Removed Pin From Net: NetName=NetU6_7 Pin=U7-1
Removed Pin From Net: NetName=3V3 Pin=U7-2
Removed Pin From Net: NetName=3V3 Pin=U7-4
Removed Pin From Net: NetName=NetC19_1 Pin=U7-8
Removed Pin From Net: NetName=GND Pin=U7-9
Removed Pin From Net: NetName=NetC18_1 Pin=U7-10
Removed Pin From Net: NetName=GND Pin=U7-11
Removed Pin From Net: NetName=NetC19_2 Pin=U7-12
Removed Pin From Net: NetName=3V3 Pin=U7-13
Removed Pin From Net: NetName=HMC_INT Pin=U7-15
Removed Pin From Net: NetName=NetU6_6 Pin=U7-16
Removed Member From Class: ClassName=Sanity0 Member=U7
Added Component: Designator=U?(LCCS50P300X300X90-16N-1)
Added Pin To Net: NetName=NetU6_7 Pin=U?-1
Added Pin To Net: NetName=3V3 Pin=U?-2
Added Pin To Net: NetName=3V3 Pin=U?-4
Added Pin To Net: NetName=NetC19_1 Pin=U?-8
Added Pin To Net: NetName=GND Pin=U?-9
Added Pin To Net: NetName=NetC18_1 Pin=U?-10
Added Pin To Net: NetName=GND Pin=U?-11
Added Pin To Net: NetName=NetC19_2 Pin=U?-12
Added Pin To Net: NetName=3V3 Pin=U?-13
Added Pin To Net: NetName=HMC_INT Pin=U?-15
Added Pin To Net: NetName=NetU6_6 Pin=U?-16
Added Member To Class: ClassName=Sanity0 Member=Component P2 ResetKey_C5382
Added Member To Class: ClassName=Sanity0 Member=Component U? HMC5883L
