Added Component: Designator=C1(LC-0402)
Added Component: Designator=C2(LC-0402)
Added Component: Designator=C3(LC-0402)
Added Component: Designator=C4(LC-0402)
Added Component: Designator=C5(LC-0402)
Added Component: Designator=C6(LC-0402)
Added Component: Designator=C7(LC-0402)
Added Component: Designator=C8(Cap-0603)
Added Component: Designator=C9(LC-0402)
Added Component: Designator=C10(LC-0402)
Added Component: Designator=C11(LC-0402)
Added Component: Designator=C12(LC-0402)
Added Component: Designator=C13(LC-0402)
Added Component: Designator=C14(LC-0402)
Added Component: Designator=C15(LC-0402)
Added Component: Designator=C16(LC-0402)
Added Component: Designator=C17(Cap-0603)
Added Component: Designator=C18(Cap-0603)
Added Component: Designator=C19(Cap-0603)
Added Component: Designator=C20(LC-0402)
Added Component: Designator=C21(LC-0402)
Added Component: Designator=C22(Cap-0603)
Added Component: Designator=C23(Cap-0603)
Added Component: Designator=C24(Cap-0603)
Added Component: Designator=C25(Cap-0603)
Added Component: Designator=C26(LC-0402)
Added Component: Designator=C27(LC-0402)
Added Component: Designator=C28(LC-0402)
Added Component: Designator=C29(Cap-0603)
Added Component: Designator=D1(SOD123)
Added Component: Designator=L1(INDC1608L)
Added Component: Designator=L2(0603_LED_S1)
Added Component: Designator=L3(0603_LED_S1)
Added Component: Designator=M1(SOT-23(SOT-23-3))
Added Component: Designator=M2(SOT-23(SOT-23-3))
Added Component: Designator=M3(SOT-23(SOT-23-3))
Added Component: Designator=M4(SOT-23(SOT-23-3))
Added Component: Designator=P1(HDR1X2)
Added Component: Designator=P2(HDR1X2)
Added Component: Designator=P3(ResetKeyC5382)
Added Component: Designator=P5(HDR2X3)
Added Component: Designator=P6(HDR1X2)
Added Component: Designator=P7(HDR1X2)
Added Component: Designator=P8(HDR1X2)
Added Component: Designator=P9(TF_card)
Added Component: Designator=P10(HDR1X2)
Added Component: Designator=P11(HDR2X4)
Added Component: Designator=P12(HDR1X5)
Added Component: Designator=P13(HDR1X4)
Added Component: Designator=P14(HDR1X4)
Added Component: Designator=P?(HDR2X10)
Added Component: Designator=R1(Res-0402)
Added Component: Designator=R2(Res-0402)
Added Component: Designator=R3(Res-0402)
Added Component: Designator=R4(Res-0402)
Added Component: Designator=R5(Res-0402)
Added Component: Designator=R6(Res-0402)
Added Component: Designator=R7(Res-0402)
Added Component: Designator=R8(Res-0402)
Added Component: Designator=R9(Res-0402)
Added Component: Designator=R10(Res-0402)
Added Component: Designator=R11(Res-0402)
Added Component: Designator=R12(Res-0402)
Added Component: Designator=R13(Res-0402)
Added Component: Designator=R14(Res-0402)
Added Component: Designator=R15(Res-0402)
Added Component: Designator=R16(Res-0402)
Added Component: Designator=R17(Res-0402)
Added Component: Designator=R18(Res-0402)
Added Component: Designator=R19(Res-0402)
Added Component: Designator=R20(Res-0402)
Added Component: Designator=R21(Res-0402)
Added Component: Designator=U1(AMS1117)
Added Component: Designator=U2(STM-LQFP48_L)
Added Component: Designator=U3(LC-SOP-16_150mil)
Added Component: Designator=U4(miniUSB)
Added Component: Designator=U5(LM27313)
Added Component: Designator=U6(MPU6050)
Added Component: Designator=U7(LCCS50P300X300X90-16N-1)
Added Component: Designator=U8(MS5611)
Added Component: Designator=X1(LC-HC-49SMD)
Added Component: Designator=X2(LC-HC-49SMD)
Added Pin To Net: NetName=GND Pin=C1-0
Added Pin To Net: NetName=3V3 Pin=C1-1
Added Pin To Net: NetName=FB Pin=C2-0
Added Pin To Net: NetName=5V Pin=C2-1
Added Pin To Net: NetName=GND Pin=C3-0
Added Pin To Net: NetName=5V Pin=C3-1
Added Pin To Net: NetName=GND Pin=C4-0
Added Pin To Net: NetName=5V Pin=C4-1
Added Pin To Net: NetName=GND Pin=C5-0
Added Pin To Net: NetName=3V3 Pin=C5-1
Added Pin To Net: NetName=GND Pin=C6-0
Added Pin To Net: NetName=3V3 Pin=C6-1
Added Pin To Net: NetName=GND Pin=C7-0
Added Pin To Net: NetName=5V Pin=C7-1
Added Pin To Net: NetName=3.7V-LIPO2S Pin=C8-1
Added Pin To Net: NetName=GND Pin=C8-2
Added Pin To Net: NetName=OSC_IN Pin=C9-0
Added Pin To Net: NetName=GND Pin=C9-1
Added Pin To Net: NetName=OSC_OUT Pin=C10-0
Added Pin To Net: NetName=GND Pin=C10-1
Added Pin To Net: NetName=3V3 Pin=C11-0
Added Pin To Net: NetName=GND Pin=C11-1
Added Pin To Net: NetName=GND Pin=C12-0
Added Pin To Net: NetName=3V3 Pin=C12-1
Added Pin To Net: NetName=GND Pin=C13-0
Added Pin To Net: NetName=3V3 Pin=C13-1
Added Pin To Net: NetName=GND Pin=C14-0
Added Pin To Net: NetName=3V3 Pin=C14-1
Added Pin To Net: NetName=GND Pin=C15-0
Added Pin To Net: NetName=3V3 Pin=C15-1
Added Pin To Net: NetName=GND Pin=C16-0
Added Pin To Net: NetName=NetC16_1 Pin=C16-1
Added Pin To Net: NetName=GND Pin=C17-1
Added Pin To Net: NetName=NetC17_2 Pin=C17-2
Added Pin To Net: NetName=NetC18_1 Pin=C18-1
Added Pin To Net: NetName=GND Pin=C18-2
Added Pin To Net: NetName=NetC19_1 Pin=C19-1
Added Pin To Net: NetName=NetC19_2 Pin=C19-2
Added Pin To Net: NetName=GND Pin=C20-0
Added Pin To Net: NetName=NetC20_1 Pin=C20-1
Added Pin To Net: NetName=GND Pin=C21-0
Added Pin To Net: NetName=NRST Pin=C21-1
Added Pin To Net: NetName=3V3 Pin=C22-1
Added Pin To Net: NetName=GND Pin=C22-2
Added Pin To Net: NetName=3V3 Pin=C23-1
Added Pin To Net: NetName=GND Pin=C23-2
Added Pin To Net: NetName=GND Pin=C24-2
Added Pin To Net: NetName=3V3 Pin=C25-1
Added Pin To Net: NetName=GND Pin=C25-2
Added Pin To Net: NetName=GND Pin=C26-0
Added Pin To Net: NetName=3V3 Pin=C26-1
Added Pin To Net: NetName=GND Pin=C27-0
Added Pin To Net: NetName=3V3 Pin=C27-1
Added Pin To Net: NetName=GND Pin=C28-0
Added Pin To Net: NetName=3V3 Pin=C28-1
Added Pin To Net: NetName=3V3 Pin=C29-1
Added Pin To Net: NetName=GND Pin=C29-2
Added Pin To Net: NetName=5V Pin=D1-N
Added Pin To Net: NetName=NetD1_P Pin=D1-P
Added Pin To Net: NetName=3.7V-LIPO2S Pin=L1-1
Added Pin To Net: NetName=NetD1_P Pin=L1-2
Added Pin To Net: NetName=GND Pin=L2-N
Added Pin To Net: NetName=GND Pin=L3-N
Added Pin To Net: NetName=3V3 Pin=L3-P
Added Pin To Net: NetName=NetM1_D Pin=M1-D
Added Pin To Net: NetName=PWM1 Pin=M1-G
Added Pin To Net: NetName=GND Pin=M1-S
Added Pin To Net: NetName=NetM2_D Pin=M2-D
Added Pin To Net: NetName=PWM2 Pin=M2-G
Added Pin To Net: NetName=GND Pin=M2-S
Added Pin To Net: NetName=NetM3_D Pin=M3-D
Added Pin To Net: NetName=PWM3 Pin=M3-G
Added Pin To Net: NetName=GND Pin=M3-S
Added Pin To Net: NetName=NetM4_D Pin=M4-D
Added Pin To Net: NetName=PWM4 Pin=M4-G
Added Pin To Net: NetName=GND Pin=M4-S
Added Pin To Net: NetName=3.7V-LIPO2S Pin=P1-1
Added Pin To Net: NetName=GND Pin=P1-2
Added Pin To Net: NetName=5V Pin=P2-1
Added Pin To Net: NetName=GND Pin=P2-2
Added Pin To Net: NetName=GND Pin=P3-0
Added Pin To Net: NetName=NRST Pin=P3-1
Added Pin To Net: NetName=3V3 Pin=P5-1
Added Pin To Net: NetName=3V3 Pin=P5-2
Added Pin To Net: NetName=BOOT0 Pin=P5-3
Added Pin To Net: NetName=BOOT1 Pin=P5-4
Added Pin To Net: NetName=GND Pin=P5-5
Added Pin To Net: NetName=GND Pin=P5-6
Added Pin To Net: NetName=3.7V-LIPO2S Pin=P6-1
Added Pin To Net: NetName=NetM1_D Pin=P6-2
Added Pin To Net: NetName=3.7V-LIPO2S Pin=P7-1
Added Pin To Net: NetName=NetM2_D Pin=P7-2
Added Pin To Net: NetName=3.7V-LIPO2S Pin=P8-1
Added Pin To Net: NetName=NetM4_D Pin=P8-2
Added Pin To Net: NetName=3V3 Pin=P9-4
Added Pin To Net: NetName=GND Pin=P9-6
Added Pin To Net: NetName=3.7V-LIPO2S Pin=P10-1
Added Pin To Net: NetName=NetM3_D Pin=P10-2
Added Pin To Net: NetName=GND Pin=P11-1
Added Pin To Net: NetName=3V3 Pin=P11-2
Added Pin To Net: NetName=3V3 Pin=P14-1
Added Pin To Net: NetName=GND Pin=P14-2
Added Pin To Net: NetName=3V3 Pin=P?-1
Added Pin To Net: NetName=3V3 Pin=P?-2
Added Pin To Net: NetName=JNRST Pin=P?-3
Added Pin To Net: NetName=GND Pin=P?-4
Added Pin To Net: NetName=JTDI Pin=P?-5
Added Pin To Net: NetName=GND Pin=P?-6
Added Pin To Net: NetName=JTMS Pin=P?-7
Added Pin To Net: NetName=GND Pin=P?-8
Added Pin To Net: NetName=JTCK Pin=P?-9
Added Pin To Net: NetName=GND Pin=P?-10
Added Pin To Net: NetName=GND Pin=P?-12
Added Pin To Net: NetName=JTDO Pin=P?-13
Added Pin To Net: NetName=GND Pin=P?-14
Added Pin To Net: NetName=GND Pin=P?-16
Added Pin To Net: NetName=GND Pin=P?-18
Added Pin To Net: NetName=GND Pin=P?-20
Added Pin To Net: NetName=5V Pin=R1-0
Added Pin To Net: NetName=FB Pin=R1-1
Added Pin To Net: NetName=FB Pin=R2-0
Added Pin To Net: NetName=GND Pin=R2-1
Added Pin To Net: NetName=3V3 Pin=R3-0
Added Pin To Net: NetName=3V3 Pin=R4-0
Added Pin To Net: NetName=3V3 Pin=R5-0
Added Pin To Net: NetName=NRST Pin=R5-1
Added Pin To Net: NetName=3V3 Pin=R6-0
Added Pin To Net: NetName=3V3 Pin=R7-0
Added Pin To Net: NetName=JTDO Pin=R7-1
Added Pin To Net: NetName=3V3 Pin=R8-0
Added Pin To Net: NetName=JTCK Pin=R8-1
Added Pin To Net: NetName=3V3 Pin=R9-0
Added Pin To Net: NetName=JTMS Pin=R9-1
Added Pin To Net: NetName=3V3 Pin=R10-0
Added Pin To Net: NetName=JTDI Pin=R10-1
Added Pin To Net: NetName=3V3 Pin=R11-0
Added Pin To Net: NetName=JNRST Pin=R11-1
Added Pin To Net: NetName=3V3 Pin=R12-0
Added Pin To Net: NetName=3V3 Pin=R13-0
Added Pin To Net: NetName=3V3 Pin=R14-0
Added Pin To Net: NetName=GND Pin=R15-1
Added Pin To Net: NetName=PWM1 Pin=R16-0
Added Pin To Net: NetName=GND Pin=R16-1
Added Pin To Net: NetName=PWM3 Pin=R17-0
Added Pin To Net: NetName=GND Pin=R17-1
Added Pin To Net: NetName=GND Pin=R18-0
Added Pin To Net: NetName=PWM4 Pin=R18-1
Added Pin To Net: NetName=GND Pin=R19-0
Added Pin To Net: NetName=PWM2 Pin=R19-1
Added Pin To Net: NetName=3V3 Pin=R20-0
Added Pin To Net: NetName=3V3 Pin=R21-0
Added Pin To Net: NetName=GND Pin=U1-1
Added Pin To Net: NetName=3V3 Pin=U1-2
Added Pin To Net: NetName=5V Pin=U1-3
Added Pin To Net: NetName=NetC16_1 Pin=U2-5
Added Pin To Net: NetName=NetC20_1 Pin=U2-6
Added Pin To Net: NetName=GND Pin=U2-8
Added Pin To Net: NetName=3V3 Pin=U2-9
Added Pin To Net: NetName=GND Pin=U2-23
Added Pin To Net: NetName=3V3 Pin=U2-24
Added Pin To Net: NetName=GND Pin=U2-35
Added Pin To Net: NetName=3V3 Pin=U2-36
Added Pin To Net: NetName=GND Pin=U2-47
Added Pin To Net: NetName=3V3 Pin=U2-48
Added Pin To Net: NetName=GND Pin=U3-1
Added Pin To Net: NetName=3V3 Pin=U3-4
Added Pin To Net: NetName=3V3 Pin=U3-16
Added Pin To Net: NetName=3V3 Pin=U4-1
Added Pin To Net: NetName=NetD1_P Pin=U5-1
Added Pin To Net: NetName=GND Pin=U5-2
Added Pin To Net: NetName=3.7V-LIPO2S Pin=U5-4
Added Pin To Net: NetName=3.7V-LIPO2S Pin=U5-5
Added Pin To Net: NetName=GND Pin=U6-1
Added Pin To Net: NetName=HMC_SDA Pin=U6-6
Added Pin To Net: NetName=HMC_SCL Pin=U6-7
Added Pin To Net: NetName=3V3 Pin=U6-8
Added Pin To Net: NetName=GND Pin=U6-9
Added Pin To Net: NetName=GND Pin=U6-11
Added Pin To Net: NetName=3V3 Pin=U6-13
Added Pin To Net: NetName=GND Pin=U6-18
Added Pin To Net: NetName=NetC17_2 Pin=U6-20
Added Pin To Net: NetName=HMC_SCL Pin=U7-1
Added Pin To Net: NetName=3V3 Pin=U7-2
Added Pin To Net: NetName=3V3 Pin=U7-4
Added Pin To Net: NetName=GND Pin=U7-7
Added Pin To Net: NetName=NetC19_1 Pin=U7-8
Added Pin To Net: NetName=GND Pin=U7-9
Added Pin To Net: NetName=NetC18_1 Pin=U7-10
Added Pin To Net: NetName=GND Pin=U7-11
Added Pin To Net: NetName=NetC19_2 Pin=U7-12
Added Pin To Net: NetName=3V3 Pin=U7-13
Added Pin To Net: NetName=HMC_SDA Pin=U7-16
Added Pin To Net: NetName=3V3 Pin=U8-1
Added Pin To Net: NetName=3V3 Pin=U8-2
Added Pin To Net: NetName=GND Pin=U8-3
Added Pin To Net: NetName=GND Pin=U8-4
Added Pin To Net: NetName=GND Pin=U8-5
Added Pin To Net: NetName=3V3 Pin=U8-6
Added Pin To Net: NetName=OSC_IN Pin=X1-0
Added Pin To Net: NetName=OSC_OUT Pin=X1-1
Added Pin To Net: NetName=NetC16_1 Pin=X2-0
Added Pin To Net: NetName=NetC20_1 Pin=X2-1
Added Pin To Net: NetName=NetC24_1 Pin=C24-1
Added Pin To Net: NetName=NetC24_1 Pin=U6-10
Added Net: Name=NetC24_1
Added Pin To Net: NetName=NetP?_11 Pin=P?-11
Added Pin To Net: NetName=NetP?_11 Pin=R15-0
Added Net: Name=NetP?_11
Added Member To Class: ClassName=Sanity0 Member=Component C1 0.1uF
Added Member To Class: ClassName=Sanity0 Member=Component C2 500pF
Added Member To Class: ClassName=Sanity0 Member=Component C3 106
Added Member To Class: ClassName=Sanity0 Member=Component C4 104
Added Member To Class: ClassName=Sanity0 Member=Component C5 104
Added Member To Class: ClassName=Sanity0 Member=Component C6 106
Added Member To Class: ClassName=Sanity0 Member=Component C7 10uF
Added Member To Class: ClassName=Sanity0 Member=Component C8 2.2uF
Added Member To Class: ClassName=Sanity0 Member=Component C9 22pF
Added Member To Class: ClassName=Sanity0 Member=Component C10 22pF
Added Member To Class: ClassName=Sanity0 Member=Component C11 104
Added Member To Class: ClassName=Sanity0 Member=Component C12 104
Added Member To Class: ClassName=Sanity0 Member=Component C13 104
Added Member To Class: ClassName=Sanity0 Member=Component C14 104
Added Member To Class: ClassName=Sanity0 Member=Component C15 106
Added Member To Class: ClassName=Sanity0 Member=Component C16 22pF
Added Member To Class: ClassName=Sanity0 Member=Component C17 2.2nF
Added Member To Class: ClassName=Sanity0 Member=Component C18 4.7uF
Added Member To Class: ClassName=Sanity0 Member=Component C19 0.22uF
Added Member To Class: ClassName=Sanity0 Member=Component C20 22pF
Added Member To Class: ClassName=Sanity0 Member=Component C21 104
Added Member To Class: ClassName=Sanity0 Member=Component C22 0.1uF
Added Member To Class: ClassName=Sanity0 Member=Component C23 22pF
Added Member To Class: ClassName=Sanity0 Member=Component C24 0.1uF
Added Member To Class: ClassName=Sanity0 Member=Component C25 10nF
Added Member To Class: ClassName=Sanity0 Member=Component C26 0.1uF
Added Member To Class: ClassName=Sanity0 Member=Component C27 0.1uF
Added Member To Class: ClassName=Sanity0 Member=Component C28 0.1uF
Added Member To Class: ClassName=Sanity0 Member=Component C29 0.1uF
Added Member To Class: ClassName=Sanity0 Member=Component D1 D-Schottky MBR0520
Added Member To Class: ClassName=Sanity0 Member=Component L1 Inductor
Added Member To Class: ClassName=Sanity0 Member=Component L2 LED
Added Member To Class: ClassName=Sanity0 Member=Component L3 LED
Added Member To Class: ClassName=Sanity0 Member=Component M1 SI2302-NMOS
Added Member To Class: ClassName=Sanity0 Member=Component M2 SI2302-NMOS
Added Member To Class: ClassName=Sanity0 Member=Component M3 SI2302-NMOS
Added Member To Class: ClassName=Sanity0 Member=Component M4 SI2302-NMOS
Added Member To Class: ClassName=Sanity0 Member=Component P1 Li-po
Added Member To Class: ClassName=Sanity0 Member=Component P2 Test5V
Added Member To Class: ClassName=Sanity0 Member=Component P3 ResetKey_C5382
Added Member To Class: ClassName=Sanity0 Member=Component P5 STARTUP
Added Member To Class: ClassName=Sanity0 Member=Component P6 MOTOR1
Added Member To Class: ClassName=Sanity0 Member=Component P7 MOTOR2
Added Member To Class: ClassName=Sanity0 Member=Component P8 MOTOR4
Added Member To Class: ClassName=Sanity0 Member=Component P9 SOFNG_TFCard
Added Member To Class: ClassName=Sanity0 Member=Component P10 MOTOR3
Added Member To Class: ClassName=Sanity0 Member=Component P11 nRF24L01
Added Member To Class: ClassName=Sanity0 Member=Component P12 Header 5
Added Member To Class: ClassName=Sanity0 Member=Component P13 Header 4
Added Member To Class: ClassName=Sanity0 Member=Component P14 Header 4
Added Member To Class: ClassName=Sanity0 Member=Component P? Header 10X2
Added Member To Class: ClassName=Sanity0 Member=Component R1 40K
Added Member To Class: ClassName=Sanity0 Member=Component R2 13.3K
Added Member To Class: ClassName=Sanity0 Member=Component R3 4.7K
Added Member To Class: ClassName=Sanity0 Member=Component R4 2.2K
Added Member To Class: ClassName=Sanity0 Member=Component R5 10K
Added Member To Class: ClassName=Sanity0 Member=Component R6 2.2K
Added Member To Class: ClassName=Sanity0 Member=Component R7 10K
Added Member To Class: ClassName=Sanity0 Member=Component R8 10K
Added Member To Class: ClassName=Sanity0 Member=Component R9 10K
Added Member To Class: ClassName=Sanity0 Member=Component R10 10K
Added Member To Class: ClassName=Sanity0 Member=Component R11 10K
Added Member To Class: ClassName=Sanity0 Member=Component R12 4.7K
Added Member To Class: ClassName=Sanity0 Member=Component R13 4.7K
Added Member To Class: ClassName=Sanity0 Member=Component R14 4.7K
Added Member To Class: ClassName=Sanity0 Member=Component R15 4.7K
Added Member To Class: ClassName=Sanity0 Member=Component R16 10K
Added Member To Class: ClassName=Sanity0 Member=Component R17 10K
Added Member To Class: ClassName=Sanity0 Member=Component R18 10K
Added Member To Class: ClassName=Sanity0 Member=Component R19 10K
Added Member To Class: ClassName=Sanity0 Member=Component R20 10K
Added Member To Class: ClassName=Sanity0 Member=Component R21 10K
Added Member To Class: ClassName=Sanity0 Member=Component U1 AMS1117
Added Member To Class: ClassName=Sanity0 Member=Component U2 STM32F103C8T6
Added Member To Class: ClassName=Sanity0 Member=Component U3 CH340G
Added Member To Class: ClassName=Sanity0 Member=Component U4 miniUSB
Added Member To Class: ClassName=Sanity0 Member=Component U5 LM27313
Added Member To Class: ClassName=Sanity0 Member=Component U6 MPU6050
Added Member To Class: ClassName=Sanity0 Member=Component U7 HMC5883L
Added Member To Class: ClassName=Sanity0 Member=Component U8 MS5611
Added Member To Class: ClassName=Sanity0 Member=Component X1 12MHz
Added Member To Class: ClassName=Sanity0 Member=Component X2 8M
Added Room: Name=Sanity0
