Added Component: Designator=C1(LC-0402)
Added Component: Designator=C2(LC-0402)
Added Component: Designator=C3(LC-0402)
Added Component: Designator=C4(LC-0402)
Added Component: Designator=C5(LC-0402)
Added Component: Designator=C6(LC-0402)
Added Component: Designator=C7(LC-0402)
Added Component: Designator=C8(LC-0402)
Added Component: Designator=C9(LC-0603)
Added Component: Designator=C10(LC-0402)
Added Component: Designator=C11(LC-0402)
Added Component: Designator=C12(LC-0402)
Added Component: Designator=C13(LC-0402)
Added Component: Designator=C14(LC-0402)
Added Component: Designator=C15(LC-0603)
Added Component: Designator=C16(LC-0402)
Added Component: Designator=C17(LC-0603)
Added Component: Designator=C18(LC-0603)
Added Component: Designator=C19(LC-0402)
Added Component: Designator=C20(LC-0402)
Added Component: Designator=C21(LC-0603)
Added Component: Designator=C22(LC-0603)
Added Component: Designator=C23(LC-0603)
Added Component: Designator=C24(LC-0402)
Added Component: Designator=C25(LC-0402)
Added Component: Designator=C26(LC-0402)
Added Component: Designator=C27(LC-0603)
Added Component: Designator=C28(LC-0402)
Added Component: Designator=L1(INDC1608L)
Added Component: Designator=L2(0603_LED_S1)
Added Component: Designator=L3(0603_LED_S1)
Added Component: Designator=M1(SOT-23(SOT-23-3))
Added Component: Designator=M2(SOT-23(SOT-23-3))
Added Component: Designator=M3(SOT-23(SOT-23-3))
Added Component: Designator=M4(SOT-23(SOT-23-3))
Added Component: Designator=P1(HDR1X2)
Added Component: Designator=P2(HDR2X10)
Added Component: Designator=P3(HDR2X3)
Added Component: Designator=P4(HDR1X2)
Added Component: Designator=P5(HDR1X2)
Added Component: Designator=P6(HDR1X2)
Added Component: Designator=P7(HDR1X2)
Added Component: Designator=P8(HDR2X4)
Added Component: Designator=P9(TF_card)
Added Component: Designator=P11(HDR1X5)
Added Component: Designator=P12(HDR1X4)
Added Component: Designator=P13(HDR1X4)
Added Component: Designator=R1(Res-0402)
Added Component: Designator=R2(Res-0402)
Added Component: Designator=R3(Res-0402)
Added Component: Designator=R4(Res-0402)
Added Component: Designator=R5(Res-0402)
Added Component: Designator=R6(Res-0402)
Added Component: Designator=R7(Res-0402)
Added Component: Designator=R8(Res-0402)
Added Component: Designator=R9(Res-0402)
Added Component: Designator=R10(Res-0402)
Added Component: Designator=R11(Res-0402)
Added Component: Designator=R12(Res-0402)
Added Component: Designator=R13(Res-0402)
Added Component: Designator=R14(Res-0402)
Added Component: Designator=R15(Res-0402)
Added Component: Designator=R16(Res-0402)
Added Component: Designator=R17(Res-0402)
Added Component: Designator=R18(Res-0402)
Added Component: Designator=R19(Res-0402)
Added Component: Designator=R20(Res-0402)
Added Component: Designator=R21(Res-0402)
Added Component: Designator=U1(AMS1117)
Added Component: Designator=U2(STM-LQFP48_L)
Added Component: Designator=U3(LC-SOP-16_150mil)
Added Component: Designator=U4(miniUSB)
Added Component: Designator=U5(LM27313)
Added Component: Designator=U6(MPU6050)
Added Component: Designator=U7(LCCS50P300X300X90-16N-1)
Added Component: Designator=U8(MS5611)
Added Component: Designator=X1(LC-HC-49SMD)
Added Component: Designator=X2(LC-HC-49SMD)
Added Pin To Net: NetName=3.7V-LIPO2S Pin=C9-1
Added Pin To Net: NetName=3.7V-LIPO2S Pin=L1-1
Added Pin To Net: NetName=3.7V-LIPO2S Pin=P4-1
Added Pin To Net: NetName=3.7V-LIPO2S Pin=P5-1
Added Pin To Net: NetName=3.7V-LIPO2S Pin=P6-1
Added Pin To Net: NetName=3.7V-LIPO2S Pin=P7-1
Added Pin To Net: NetName=3.7V-LIPO2S Pin=U5-4
Added Pin To Net: NetName=3.7V-LIPO2S Pin=U5-5
Added Net: Name=3.7V-LIPO2S
Added Pin To Net: NetName=3V3 Pin=C1-1
Added Pin To Net: NetName=3V3 Pin=C3-1
Added Pin To Net: NetName=3V3 Pin=C5-1
Added Pin To Net: NetName=3V3 Pin=C11-0
Added Pin To Net: NetName=3V3 Pin=C12-1
Added Pin To Net: NetName=3V3 Pin=C13-1
Added Pin To Net: NetName=3V3 Pin=C14-1
Added Pin To Net: NetName=3V3 Pin=C21-1
Added Pin To Net: NetName=3V3 Pin=C23-1
Added Pin To Net: NetName=3V3 Pin=C24-1
Added Pin To Net: NetName=3V3 Pin=C25-1
Added Pin To Net: NetName=3V3 Pin=C26-1
Added Pin To Net: NetName=3V3 Pin=C27-1
Added Pin To Net: NetName=3V3 Pin=C28-1
Added Pin To Net: NetName=3V3 Pin=L2-P
Added Pin To Net: NetName=3V3 Pin=P2-1
Added Pin To Net: NetName=3V3 Pin=P2-2
Added Pin To Net: NetName=3V3 Pin=P3-1
Added Pin To Net: NetName=3V3 Pin=P3-2
Added Pin To Net: NetName=3V3 Pin=P8-2
Added Pin To Net: NetName=3V3 Pin=P9-4
Added Pin To Net: NetName=3V3 Pin=P13-1
Added Pin To Net: NetName=3V3 Pin=R3-0
Added Pin To Net: NetName=3V3 Pin=R4-0
Added Pin To Net: NetName=3V3 Pin=R5-0
Added Pin To Net: NetName=3V3 Pin=R6-0
Added Pin To Net: NetName=3V3 Pin=R7-0
Added Pin To Net: NetName=3V3 Pin=R8-0
Added Pin To Net: NetName=3V3 Pin=R9-0
Added Pin To Net: NetName=3V3 Pin=R10-0
Added Pin To Net: NetName=3V3 Pin=R11-0
Added Pin To Net: NetName=3V3 Pin=R12-0
Added Pin To Net: NetName=3V3 Pin=R13-0
Added Pin To Net: NetName=3V3 Pin=R14-0
Added Pin To Net: NetName=3V3 Pin=R20-0
Added Pin To Net: NetName=3V3 Pin=R21-0
Added Pin To Net: NetName=3V3 Pin=U1-2
Added Pin To Net: NetName=3V3 Pin=U2-9
Added Pin To Net: NetName=3V3 Pin=U2-24
Added Pin To Net: NetName=3V3 Pin=U2-36
Added Pin To Net: NetName=3V3 Pin=U2-48
Added Pin To Net: NetName=3V3 Pin=U3-4
Added Pin To Net: NetName=3V3 Pin=U3-16
Added Pin To Net: NetName=3V3 Pin=U4-1
Added Pin To Net: NetName=3V3 Pin=U6-8
Added Pin To Net: NetName=3V3 Pin=U6-13
Added Pin To Net: NetName=3V3 Pin=U7-2
Added Pin To Net: NetName=3V3 Pin=U7-4
Added Pin To Net: NetName=3V3 Pin=U7-13
Added Pin To Net: NetName=3V3 Pin=U8-1
Added Pin To Net: NetName=3V3 Pin=U8-2
Added Net: Name=3V3
Added Pin To Net: NetName=5V Pin=C2-1
Added Pin To Net: NetName=5V Pin=C4-1
Added Pin To Net: NetName=5V Pin=C6-1
Added Pin To Net: NetName=5V Pin=C7-1
Added Pin To Net: NetName=5V Pin=P1-1
Added Pin To Net: NetName=5V Pin=R1-0
Added Pin To Net: NetName=5V Pin=U1-3
Added Net: Name=5V
Added Pin To Net: NetName=BARO_INT Pin=U2-46
Added Net: Name=BARO_INT
Added Pin To Net: NetName=BARO_SCL Pin=R20-1
Added Pin To Net: NetName=BARO_SCL Pin=U2-21
Added Pin To Net: NetName=BARO_SCL Pin=U8-8
Added Net: Name=BARO_SCL
Added Pin To Net: NetName=BARO_SDA Pin=R21-1
Added Pin To Net: NetName=BARO_SDA Pin=U2-22
Added Pin To Net: NetName=BARO_SDA Pin=U8-7
Added Net: Name=BARO_SDA
Added Pin To Net: NetName=BOOT0 Pin=P3-3
Added Pin To Net: NetName=BOOT0 Pin=U2-44
Added Net: Name=BOOT0
Added Pin To Net: NetName=BOOT1 Pin=P3-4
Added Pin To Net: NetName=BOOT1 Pin=U2-20
Added Net: Name=BOOT1
Added Pin To Net: NetName=CPU_RX Pin=U2-31
Added Pin To Net: NetName=CPU_RX Pin=U3-2
Added Net: Name=CPU_RX
Added Pin To Net: NetName=CPU_TX Pin=U2-30
Added Pin To Net: NetName=CPU_TX Pin=U3-3
Added Net: Name=CPU_TX
Added Pin To Net: NetName=D+ Pin=U3-5
Added Pin To Net: NetName=D+ Pin=U4-3
Added Net: Name=D+
Added Pin To Net: NetName=D- Pin=U3-6
Added Pin To Net: NetName=D- Pin=U4-2
Added Net: Name=D-
Added Pin To Net: NetName=EXT1 Pin=P11-5
Added Pin To Net: NetName=EXT1 Pin=U2-29
Added Net: Name=EXT1
Added Pin To Net: NetName=EXT2 Pin=U2-32
Added Net: Name=EXT2
Added Pin To Net: NetName=FB Pin=C6-0
Added Pin To Net: NetName=FB Pin=R1-1
Added Pin To Net: NetName=FB Pin=R2-0
Added Pin To Net: NetName=FB Pin=U5-3
Added Net: Name=FB
Added Pin To Net: NetName=GND Pin=C1-0
Added Pin To Net: NetName=GND Pin=C2-0
Added Pin To Net: NetName=GND Pin=C3-0
Added Pin To Net: NetName=GND Pin=C4-0
Added Pin To Net: NetName=GND Pin=C5-0
Added Pin To Net: NetName=GND Pin=C7-0
Added Pin To Net: NetName=GND Pin=C8-1
Added Pin To Net: NetName=GND Pin=C9-2
Added Pin To Net: NetName=GND Pin=C10-1
Added Pin To Net: NetName=GND Pin=C11-1
Added Pin To Net: NetName=GND Pin=C12-0
Added Pin To Net: NetName=GND Pin=C13-0
Added Pin To Net: NetName=GND Pin=C14-0
Added Pin To Net: NetName=GND Pin=C15-1
Added Pin To Net: NetName=GND Pin=C16-0
Added Pin To Net: NetName=GND Pin=C17-2
Added Pin To Net: NetName=GND Pin=C19-0
Added Pin To Net: NetName=GND Pin=C20-0
Added Pin To Net: NetName=GND Pin=C21-2
Added Pin To Net: NetName=GND Pin=C22-2
Added Pin To Net: NetName=GND Pin=C23-2
Added Pin To Net: NetName=GND Pin=C24-0
Added Pin To Net: NetName=GND Pin=C25-0
Added Pin To Net: NetName=GND Pin=C26-0
Added Pin To Net: NetName=GND Pin=C27-2
Added Pin To Net: NetName=GND Pin=C28-0
Added Pin To Net: NetName=GND Pin=L2-N
Added Pin To Net: NetName=GND Pin=L3-N
Added Pin To Net: NetName=GND Pin=M1-S
Added Pin To Net: NetName=GND Pin=M2-S
Added Pin To Net: NetName=GND Pin=M3-S
Added Pin To Net: NetName=GND Pin=M4-S
Added Pin To Net: NetName=GND Pin=P1-2
Added Pin To Net: NetName=GND Pin=P2-4
Added Pin To Net: NetName=GND Pin=P2-6
Added Pin To Net: NetName=GND Pin=P2-8
Added Pin To Net: NetName=GND Pin=P2-10
Added Pin To Net: NetName=GND Pin=P2-12
Added Pin To Net: NetName=GND Pin=P2-14
Added Pin To Net: NetName=GND Pin=P2-16
Added Pin To Net: NetName=GND Pin=P2-18
Added Pin To Net: NetName=GND Pin=P2-20
Added Pin To Net: NetName=GND Pin=P3-5
Added Pin To Net: NetName=GND Pin=P3-6
Added Pin To Net: NetName=GND Pin=P8-1
Added Pin To Net: NetName=GND Pin=P9-6
Added Pin To Net: NetName=GND Pin=P13-2
Added Pin To Net: NetName=GND Pin=R2-1
Added Pin To Net: NetName=GND Pin=R15-1
Added Pin To Net: NetName=GND Pin=R16-1
Added Pin To Net: NetName=GND Pin=R17-0
Added Pin To Net: NetName=GND Pin=R18-0
Added Pin To Net: NetName=GND Pin=R19-1
Added Pin To Net: NetName=GND Pin=U1-1
Added Pin To Net: NetName=GND Pin=U2-8
Added Pin To Net: NetName=GND Pin=U2-23
Added Pin To Net: NetName=GND Pin=U2-35
Added Pin To Net: NetName=GND Pin=U2-47
Added Pin To Net: NetName=GND Pin=U3-1
Added Pin To Net: NetName=GND Pin=U5-2
Added Pin To Net: NetName=GND Pin=U6-1
Added Pin To Net: NetName=GND Pin=U6-9
Added Pin To Net: NetName=GND Pin=U6-11
Added Pin To Net: NetName=GND Pin=U6-18
Added Pin To Net: NetName=GND Pin=U7-9
Added Pin To Net: NetName=GND Pin=U7-11
Added Pin To Net: NetName=GND Pin=U8-3
Added Pin To Net: NetName=GND Pin=U8-4
Added Pin To Net: NetName=GND Pin=U8-5
Added Net: Name=GND
Added Pin To Net: NetName=HMC_INT Pin=R4-1
Added Pin To Net: NetName=HMC_INT Pin=U2-33
Added Pin To Net: NetName=HMC_INT Pin=U7-15
Added Net: Name=HMC_INT
Added Pin To Net: NetName=HMC_SCL Pin=R6-1
Added Net: Name=HMC_SCL
Added Pin To Net: NetName=HMC_SDA Pin=R12-1
Added Net: Name=HMC_SDA
Added Pin To Net: NetName=JNRST Pin=P2-3
Added Pin To Net: NetName=JNRST Pin=R11-1
Added Pin To Net: NetName=JNRST Pin=U2-40
Added Net: Name=JNRST
Added Pin To Net: NetName=JTCK Pin=P2-9
Added Pin To Net: NetName=JTCK Pin=R8-1
Added Pin To Net: NetName=JTCK Pin=U2-37
Added Net: Name=JTCK
Added Pin To Net: NetName=JTDI Pin=P2-5
Added Pin To Net: NetName=JTDI Pin=R10-1
Added Pin To Net: NetName=JTDI Pin=U2-38
Added Net: Name=JTDI
Added Pin To Net: NetName=JTDO Pin=P2-13
Added Pin To Net: NetName=JTDO Pin=R7-1
Added Pin To Net: NetName=JTDO Pin=U2-39
Added Net: Name=JTDO
Added Pin To Net: NetName=JTMS Pin=P2-7
Added Pin To Net: NetName=JTMS Pin=R9-1
Added Pin To Net: NetName=JTMS Pin=U2-34
Added Net: Name=JTMS
Added Pin To Net: NetName=MPU_INT Pin=R3-1
Added Pin To Net: NetName=MPU_INT Pin=U2-41
Added Pin To Net: NetName=MPU_INT Pin=U6-12
Added Net: Name=MPU_INT
Added Pin To Net: NetName=MPU_SCL Pin=P13-4
Added Pin To Net: NetName=MPU_SCL Pin=R13-1
Added Pin To Net: NetName=MPU_SCL Pin=U2-42
Added Pin To Net: NetName=MPU_SCL Pin=U6-23
Added Net: Name=MPU_SCL
Added Pin To Net: NetName=MPU_SDA Pin=P13-3
Added Pin To Net: NetName=MPU_SDA Pin=R14-1
Added Pin To Net: NetName=MPU_SDA Pin=U2-43
Added Pin To Net: NetName=MPU_SDA Pin=U6-24
Added Net: Name=MPU_SDA
Added Pin To Net: NetName=NetC15_2 Pin=C15-2
Added Pin To Net: NetName=NetC15_2 Pin=U6-20
Added Net: Name=NetC15_2
Added Pin To Net: NetName=NetC16_1 Pin=C16-1
Added Pin To Net: NetName=NetC16_1 Pin=U2-5
Added Pin To Net: NetName=NetC16_1 Pin=X2-0
Added Net: Name=NetC16_1
Added Pin To Net: NetName=NetC17_1 Pin=C17-1
Added Pin To Net: NetName=NetC17_1 Pin=U7-10
Added Net: Name=NetC17_1
Added Pin To Net: NetName=NetC18_1 Pin=C18-1
Added Pin To Net: NetName=NetC18_1 Pin=U7-8
Added Net: Name=NetC18_1
Added Pin To Net: NetName=NetC18_2 Pin=C18-2
Added Pin To Net: NetName=NetC18_2 Pin=U7-12
Added Net: Name=NetC18_2
Added Pin To Net: NetName=NetC19_1 Pin=C19-1
Added Pin To Net: NetName=NetC19_1 Pin=U2-6
Added Pin To Net: NetName=NetC19_1 Pin=X2-1
Added Net: Name=NetC19_1
Added Pin To Net: NetName=NetC20_1 Pin=C20-1
Added Pin To Net: NetName=NetC20_1 Pin=R5-1
Added Net: Name=NetC20_1
Added Pin To Net: NetName=NetC22_1 Pin=C22-1
Added Pin To Net: NetName=NetC22_1 Pin=U6-10
Added Net: Name=NetC22_1
Added Pin To Net: NetName=NetD1_P Pin=L1-2
Added Pin To Net: NetName=NetD1_P Pin=U5-1
Added Net: Name=NetD1_P
Added Pin To Net: NetName=NetM1_D Pin=M1-D
Added Pin To Net: NetName=NetM1_D Pin=P4-2
Added Net: Name=NetM1_D
Added Pin To Net: NetName=NetM2_D Pin=M2-D
Added Pin To Net: NetName=NetM2_D Pin=P5-2
Added Net: Name=NetM2_D
Added Pin To Net: NetName=NetM3_D Pin=M3-D
Added Pin To Net: NetName=NetM3_D Pin=P7-2
Added Net: Name=NetM3_D
Added Pin To Net: NetName=NetM4_D Pin=M4-D
Added Pin To Net: NetName=NetM4_D Pin=P6-2
Added Net: Name=NetM4_D
Added Pin To Net: NetName=NetP2_11 Pin=P2-11
Added Pin To Net: NetName=NetP2_11 Pin=R15-0
Added Net: Name=NetP2_11
Added Pin To Net: NetName=NetU6_6 Pin=U6-6
Added Pin To Net: NetName=NetU6_6 Pin=U7-16
Added Net: Name=NetU6_6
Added Pin To Net: NetName=NetU6_7 Pin=U6-7
Added Pin To Net: NetName=NetU6_7 Pin=U7-1
Added Net: Name=NetU6_7
Added Pin To Net: NetName=NRST Pin=P2-15
Added Pin To Net: NetName=NRST Pin=U2-7
Added Net: Name=NRST
Added Pin To Net: NetName=OSC_IN Pin=C8-0
Added Pin To Net: NetName=OSC_IN Pin=U3-7
Added Pin To Net: NetName=OSC_IN Pin=X1-0
Added Net: Name=OSC_IN
Added Pin To Net: NetName=OSC_OUT Pin=C10-0
Added Pin To Net: NetName=OSC_OUT Pin=U3-8
Added Pin To Net: NetName=OSC_OUT Pin=X1-1
Added Net: Name=OSC_OUT
Added Pin To Net: NetName=PWM1 Pin=M1-G
Added Pin To Net: NetName=PWM1 Pin=P12-1
Added Pin To Net: NetName=PWM1 Pin=R16-0
Added Pin To Net: NetName=PWM1 Pin=U2-10
Added Net: Name=PWM1
Added Pin To Net: NetName=PWM2 Pin=M2-G
Added Pin To Net: NetName=PWM2 Pin=P12-2
Added Pin To Net: NetName=PWM2 Pin=R18-1
Added Pin To Net: NetName=PWM2 Pin=U2-11
Added Net: Name=PWM2
Added Pin To Net: NetName=PWM3 Pin=M3-G
Added Pin To Net: NetName=PWM3 Pin=P12-3
Added Pin To Net: NetName=PWM3 Pin=R19-0
Added Pin To Net: NetName=PWM3 Pin=U2-12
Added Net: Name=PWM3
Added Pin To Net: NetName=PWM4 Pin=M4-G
Added Pin To Net: NetName=PWM4 Pin=P12-4
Added Pin To Net: NetName=PWM4 Pin=R17-1
Added Pin To Net: NetName=PWM4 Pin=U2-13
Added Net: Name=PWM4
Added Pin To Net: NetName=RC_CE Pin=P8-3
Added Pin To Net: NetName=RC_CE Pin=U2-19
Added Net: Name=RC_CE
Added Pin To Net: NetName=RC_CLK Pin=P8-5
Added Pin To Net: NetName=RC_CLK Pin=P11-4
Added Pin To Net: NetName=RC_CLK Pin=U2-15
Added Net: Name=RC_CLK
Added Pin To Net: NetName=RC_INT Pin=P8-8
Added Pin To Net: NetName=RC_INT Pin=U2-18
Added Net: Name=RC_INT
Added Pin To Net: NetName=RC_MISO Pin=P8-7
Added Pin To Net: NetName=RC_MISO Pin=P11-3
Added Pin To Net: NetName=RC_MISO Pin=U2-16
Added Net: Name=RC_MISO
Added Pin To Net: NetName=RC_MOSI Pin=P8-6
Added Pin To Net: NetName=RC_MOSI Pin=P11-2
Added Pin To Net: NetName=RC_MOSI Pin=U2-17
Added Net: Name=RC_MOSI
Added Pin To Net: NetName=RC_NSS Pin=P8-4
Added Pin To Net: NetName=RC_NSS Pin=P11-1
Added Pin To Net: NetName=RC_NSS Pin=U2-14
Added Net: Name=RC_NSS
Added Pin To Net: NetName=SD_CLK Pin=P9-5
Added Pin To Net: NetName=SD_CLK Pin=U2-26
Added Net: Name=SD_CLK
Added Pin To Net: NetName=SD_MISO Pin=P9-7
Added Pin To Net: NetName=SD_MISO Pin=U2-27
Added Net: Name=SD_MISO
Added Pin To Net: NetName=SD_MOSI Pin=P9-3
Added Pin To Net: NetName=SD_MOSI Pin=U2-28
Added Net: Name=SD_MOSI
Added Pin To Net: NetName=SD_NSS Pin=P9-2
Added Pin To Net: NetName=SD_NSS Pin=U2-25
Added Net: Name=SD_NSS
Added Pin To Net: NetName=STATUS_LED Pin=L3-P
Added Pin To Net: NetName=STATUS_LED Pin=U2-45
Added Net: Name=STATUS_LED
Added Class: Name=Sanity0
Added Room: Name=Sanity0
