Removed Pin From Net: NetName=PA8 Pin=P1-1
Removed Pin From Net: NetName=PA11 Pin=P1-2
Removed Pin From Net: NetName=PA12 Pin=P1-3
Removed Pin From Net: NetName=PC13 Pin=P1-4
Removed Pin From Net: NetName=PC14 Pin=P1-5
Removed Pin From Net: NetName=PC15 Pin=P1-6
Removed Pin From Net: NetName=PB15 Pin=P1-7
Removed Pin From Net: NetName=3V3 Pin=P1-9
Removed Pin From Net: NetName=PB6 Pin=P1-10
Removed Pin From Net: NetName=PB7 Pin=P1-11
Removed Pin From Net: NetName=PB8 Pin=P1-12
Removed Pin From Net: NetName=PB9 Pin=P1-13
Removed Pin From Net: NetName=PB10 Pin=P1-14
Removed Pin From Net: NetName=PB11 Pin=P1-15
Removed Pin From Net: NetName=PB12 Pin=P1-16
Removed Pin From Net: NetName=PB13 Pin=P1-17
Removed Pin From Net: NetName=GND Pin=P1-18
Added Pin To Net: NetName=PB11 Pin=P1-1
Added Pin To Net: NetName=PB13 Pin=P1-2
Added Pin To Net: NetName=PB15 Pin=P1-3
Added Pin To Net: NetName=PA11 Pin=P1-4
Added Pin To Net: NetName=PB6 Pin=P1-5
Added Pin To Net: NetName=PB8 Pin=P1-6
Added Pin To Net: NetName=GND Pin=P1-7
Added Pin To Net: NetName=PC15 Pin=P1-9
Added Pin To Net: NetName=PB10 Pin=P1-10
Added Pin To Net: NetName=PB12 Pin=P1-11
Added Pin To Net: NetName=PB14 Pin=P1-12
Added Pin To Net: NetName=PA8 Pin=P1-13
Added Pin To Net: NetName=PA12 Pin=P1-14
Added Pin To Net: NetName=PB7 Pin=P1-15
Added Pin To Net: NetName=PB9 Pin=P1-16
Added Pin To Net: NetName=3V3 Pin=P1-17
Added Pin To Net: NetName=PC14 Pin=P1-18
Added Room: Name=Tele
