Remove Pin=U2A-2 From Net=PC13
Remove Pin=U2A-3 From Net=PC14
Remove Pin=U2A-4 From Net=PC15
Remove Pin=U2A-7 From Net=NRST
Remove Pin=U2A-10 From Net=RA
Remove Pin=U2A-11 From Net=LE
Remove Pin=U2A-12 From Net=RT
Remove Pin=U2A-13 From Net=RA
Remove Pin=U2A-14 From Net=RC_NSS
Remove Pin=U2A-15 From Net=RC_CLK
Remove Pin=U2A-16 From Net=RC_MISO
Remove Pin=U2A-17 From Net=RC_MOSI
Remove Pin=U2A-18 From Net=RC_CE
Remove Pin=U2A-19 From Net=RC_INT
Remove Pin=U2A-20 From Net=BOOT1
Remove Pin=U2A-21 From Net=PB10
Remove Pin=U2A-22 From Net=PB11
Remove Pin=U2A-25 From Net=PB12
Remove Pin=U2A-26 From Net=PB13
Remove Pin=U2A-27 From Net=PB14
Remove Pin=U2A-28 From Net=PB15
Remove Pin=U2A-29 From Net=PA8
Remove Pin=U2A-30 From Net=CPU_RX
Remove Pin=U2A-31 From Net=CPU_RX
Remove Pin=U2A-32 From Net=PA11
Remove Pin=U2A-33 From Net=PA12
Remove Pin=U2A-34 From Net=JTMS
Remove Pin=U2A-37 From Net=JTCK
Remove Pin=U2A-38 From Net=JTDI
Remove Pin=U2A-39 From Net=JTDO
Remove Pin=U2A-40 From Net=JNRST
Remove Pin=U2A-42 From Net=PB6
Remove Pin=U2A-43 From Net=PB7
Remove Pin=U2A-44 From Net=BOOT0
Remove Pin=U2A-45 From Net=PB8
Remove Pin=U2A-46 From Net=PB9
Change Component Designator: OldDesignator=C1 NewDesignator=C11
Change Component Designator: OldDesignator=C2 NewDesignator=C12
Change Component Designator: OldDesignator=C3 NewDesignator=C13
Change Component Designator: OldDesignator=C4 NewDesignator=C14
Change Component Designator: OldDesignator=C5 NewDesignator=C15
Change Component Designator: OldDesignator=C6 NewDesignator=C1
Change Component Designator: OldDesignator=C7 NewDesignator=C2
Change Component Designator: OldDesignator=C8 NewDesignator=C3
Change Component Designator: OldDesignator=C9 NewDesignator=C4
Change Component Designator: OldDesignator=C10 NewDesignator=C5
Change Component Designator: OldDesignator=C11 NewDesignator=C6
Change Component Designator: OldDesignator=C12 NewDesignator=C7
Change Component Designator: OldDesignator=C13 NewDesignator=C8
Change Component Designator: OldDesignator=C14 NewDesignator=C9
Change Component Designator: OldDesignator=C15 NewDesignator=C10
Change Component Designator: OldDesignator=P1 NewDesignator=P8
Change Component Designator: OldDesignator=P2 NewDesignator=P4
Change Component Designator: OldDesignator=P3 NewDesignator=P6
Change Component Designator: OldDesignator=P4 NewDesignator=P5
Change Component Designator: OldDesignator=P5 NewDesignator=P7
Change Component Designator: OldDesignator=P6 NewDesignator=P1
Change Component Designator: OldDesignator=P7 NewDesignator=P2
Change Component Designator: OldDesignator=P8 NewDesignator=P3
Change Component Designator: OldDesignator=R2 NewDesignator=R8
Change Component Designator: OldDesignator=R3 NewDesignator=R2
Change Component Designator: OldDesignator=R4 NewDesignator=R3
Change Component Designator: OldDesignator=R5 NewDesignator=R4
Change Component Designator: OldDesignator=R6 NewDesignator=R5
Change Component Designator: OldDesignator=R7 NewDesignator=R6
Change Component Designator: OldDesignator=R8 NewDesignator=R7
Change Component Designator: OldDesignator=U1 NewDesignator=U4
Change Component Designator: OldDesignator=U3 NewDesignator=U2
Change Component Designator: OldDesignator=U4 NewDesignator=U3
Change Pin Designator/Name:  Old Designator=X1-0 Old Name=0 New Designator =1 New Name=1
Change Pin Designator/Name:  Old Designator=X1-1 Old Name=1 New Designator =0 New Name=0
